               .deffile adi_defs.asm
               .deffile ddi_defs.asm
               .deffile reg_defs.asm
               .deffile sce_defs.asm
               
               ; Number of supported tasks
               .define TASK_COUNT      1
               
               ; Resource-specified definitions, if any
               ; (None)
               
               
               .segment begin "Framework"
               
               
               VectorTable:
0000 ---- 1408                         jsr         PowerUp
0001 ---- 040c                         jmp         TaskCtrlReqVector
0002 ---- 1408                         jsr         PowerUp
0003 ---- 042c                         jmp         AonRtcCh2Vector
0004 ---- 1408                         jsr         PowerUp
0005 ---- 0447                         jmp         Event0Vector
0006 ---- 1408                         jsr         PowerUp
0007 ---- 044d                         jmp         TaskAlertAckVector
               
               
               
               
               PowerUp:
                                       ; Deassert the power-down request
0008 ---- 4436                         iobclr      #0, [#IOP_WUC_PWRDWNREQ]
               
                                       ; Wait for it to take effect
0009 ---- 2437 /waitForPdAck:          iobtst      #0, [#IOP_WUC_PWRDWNACK]
000a ---- aefe                         biob1       /waitForPdAck
               
               FwEmptyFunc:            ; Done
000b ---- adb7                         rts
               
               
               
               
               TaskCtrlReqVector:
                                       ; Clear the vector flag
000c ---- 6442                         iobset      #0, [#IOP_EVCTL_VECFLAGSCLR]
               
                                       ; For each task ...
000d ---- 7000                         ld          R7, #0
               /loop:
                                           ; Save the task ID
000e ---- 7c6b                             st          R7, [#fwCtrlInt/taskId]
               
                                           ; Handle initialize request, if any
000f ---- 6872                             ld          R6, [#fwCtrlExt/bvTaskInitializeReq]
0010 ---- 0068                             ld          R0, #pFwTaskInitializeFuncTable
0011 ---- 1425                             jsr         /handleReq
               
                                           ; Handle execute request, if any
0012 ---- 6873                             ld          R6, [#fwCtrlExt/bvTaskExecuteReq]
0013 ---- 0069                             ld          R0, #pFwTaskExecuteFuncTable
0014 ---- 1425                             jsr         /handleReq
               
                                           ; Handle terminate request, if any
0015 ---- 6874                             ld          R6, [#fwCtrlExt/bvTaskTerminateReq]
0016 ---- 006a                             ld          R0, #pFwTaskTerminateFuncTable
0017 ---- 1425                             jsr         /handleReq
               
                                           ; Move on to the next task
0018 ---- 786b                             ld          R7, [#fwCtrlInt/taskId]
0019 ---- f801                             add         R7, #1
               
001a ---- fa01                         cmp         R7, #TASK_COUNT
001b ---- bef2                         bneq        /loop
               
                                       ; Update which tasks are ...
001c ---- 7870                         ld          R7, [#fwCtrlExt/bvActiveTasks]
                                       ; ... currently active ...
001d ---- 6872                         ld          R6, [#fwCtrlExt/bvTaskInitializeReq]
001e ---- fd0e                         or          R7, R6
                                       ; ... and inactive ...
001f ---- 6874                         ld          R6, [#fwCtrlExt/bvTaskTerminateReq]
0020 ---- ed92                         inv         R6
0021 ---- fd06                         and         R7, R6
0022 ---- 7c70                         st          R7, [#fwCtrlExt/bvActiveTasks]
               
                                       ; We're READY for another request
0023 ---- 642d                         iobset      #IOB_EVCTL_SWEV_READY, [#IOP_EVCTL_SWEVSET]
               
                                       ; Generate an ALERT interrupt if needed before powering back down
0024 ---- 0450                         jmp         GenAlertInterrupt;
               
               /handleReq:
                                       ; Restore the task ID, and load the function pointer (here to avoid pipeline hazard)
0025 ---- 786b                         ld          R7, [#fwCtrlInt/taskId]
0026 ---- 8f1f                         ld          R0, [R7+R0]
               
                                       ; Skip this request?
0027 ---- ed8f                         lsr         R6, R7
0028 ---- ec01                         tst         R6, #0x0001
0029 ---- be01                         bnz         /noSkip
002a ---- adb7                             rts
               /noSkip:
                                       ; Make the call by jump, with return (rts) in the "called" function
002b ---- 8db7                         jmp         R0
               
               
               
               
               AonRtcCh2Vector:
                                       ; Start clearing the RTC event
002c ---- 6630                         iobset      #IOB_WUC_WUEV_RTC, [#IOP_WUC_WUEVCLR]
               
                                       ; Clear the vector flag
002d ---- 6542                         iobset      #1, [#IOP_EVCTL_VECFLAGSCLR]
               
                                       ; For each task (R0 is the current task ID) ...
002e ---- 0000                         ld          R0, #0
               /loop:
                                           ; ... that is active ...
002f ---- 1870                             ld          R1, [#fwCtrlExt/bvActiveTasks]
0030 ---- 9d88                             lsr         R1, R0
0031 ---- 9c01                             tst         R1, #0x0001
0032 ---- b60d                             bz          /skip
               
                                               ; Fetch number of RTC intervals until next execution
0033 ---- 1067                                 ld          R1, #pFwTaskExecuteScheduleTable
0034 ---- af19                                 ld          R2, [R1+R0]
               
                                               ; If not already 0, decrement and store. If then 0 ...
0035 ---- aa00                                 cmp         R2, #0
0036 ---- b609                                 beq         /skip
0037 ---- a8ff                                 add         R2, #-1
0038 ---- af39                                 st          R2, [R1+R0]
0039 ---- be06                                 bnz         /skip
               
                                                   ; ... execute the task
003a ---- 0c6b                                     st          R0, [#fwCtrlInt/taskId]
003b ---- 8869                                     add         R0, #pFwTaskExecuteFuncTable
003c ---- 8f08                                     ld          R0, [R0]
                                                   ; Insert NOP to avoid pipeline hazard
003d ---- fd47                                     nop
003e ---- 9db7                                     jsr         R0
003f ---- 086b                                     ld          R0, [#fwCtrlInt/taskId]
               /skip:
                                           ; Move on to the next task
0040 ---- 8801                             add         R0, #1
               
0041 ---- 8a01                         cmp         R0, #TASK_COUNT
0042 ---- beec                         bneq        /loop
               
                                       ; Wait for the ACK event to be cleared
0043 ---- 262f /waitOnRtcClearing:     iobtst      #IOB_WUC_WUEV_RTC, [#IOP_WUC_WUEVFLAGS]
0044 ---- aefe                         biob1       /waitOnRtcClearing
0045 ---- 4630                         iobclr      #IOB_WUC_WUEV_RTC, [#IOP_WUC_WUEVCLR]
               
                                       ; Generate an ALERT interrupt if needed
0046 ---- 0450                         jmp         GenAlertInterrupt;
               
               
               
               
               Event0Vector:
                                       ; Disable and clear the vector flag
0047 ---- 5527                         iobclr      #IOB_EVCTL_VECCFG1_VEC2_EN, [#IOP_EVCTL_VECCFG1]
0048 ---- 6642                         iobset      #2, [#IOP_EVCTL_VECFLAGSCLR]
               
                                       ; Set the task ID
0049 ---- 0000                         ld          R0, #0
004a ---- 0c6b                         st          R0, [#fwCtrlInt/taskId]
               
                                       ; Jump to the event task code
004b ---- 140b                         jsr         FwEmptyFunc
               
                                       ; Generate an ALERT interrupt if needed
004c ---- 0450                         jmp         GenAlertInterrupt;
               
               
               
               
               TaskAlertAckVector:
                                       ; Clear the vector flag
004d ---- 6742                         iobset      #3, [#IOP_EVCTL_VECFLAGSCLR]
               
                                       ; Re-enable generation of ALERT interrupts
004e ---- 03ff                         ld          R0, #-1
004f ---- 0c6d                         st          R0, [#fwCtrlInt/alertGenMask]
               
                                       ; Fall through to GenAlertInterrupt to generate another ALERT interrupt if needed
               
               
               
               
               GenAlertInterrupt:
                                       ; Do we have any ALERT-generating flags pending?
0050 ---- 786c                         ld          R7, [#fwCtrlInt/bvTaskIoAlert]
               
                                       ; Skip if the last I/O ALERT interrupt has not been acknowledged
0051 ---- 686d                         ld          R6, [#fwCtrlInt/alertGenMask]
0052 ---- ed37                         tst         R6, R7
0053 ---- b605                         bz          /skipAlertGen
               
                                           ; Transfer I/O flags from internal to external
0054 ---- 0000                             ld          R0, #0
0055 ---- 0c6c                             st          R0, [#fwCtrlInt/bvTaskIoAlert]
0056 ---- 7c71                             st          R7, [#fwCtrlExt/bvTaskIoAlert]
               
                                           ; Generate the ALERT interrupt, and clear the generation mask
0057 ---- 652d                             iobset      #IOB_EVCTL_SWEV_ALERT, [#IOP_EVCTL_SWEVSET]
0058 ---- 0c6d                             st          R0, [#fwCtrlInt/alertGenMask]
               /skipAlertGen:
                                       ; Fall through to PowerDown ...
               
               
               
               
               PowerDown:
                                       ; If there are no unacknowledged ALERTs and no vectors pending ...
0059 ---- 786d                         ld          R7, [#fwCtrlInt/alertGenMask]
005a ---- 686e                         ld          R6, [#fwCtrlInt/alertCanPdAuxMask]
005b ---- fd0e                         or          R7, R6
005c ---- f801                         add         R7, #1 ; 0xFFFF -> 0x0000
005d ---- e92b                         in          R6, [#IOP_EVCTL_VECFLAGS]
005e ---- fd0e                         or          R7, R6
005f ---- be01                         bnz         /noPowerDown
               
                                           ; Assert the power-down request. We'll make sure that it has taken effect
                                           ; or been completely ignored when waking up again
0060 ---- 6436                             iobset      #0, [#IOP_WUC_PWRDWNREQ]
               /noPowerDown:
                                       ; Sleep until the next event
0061 ---- bdb7 sleepInstr:             sleep
               
               
               
               
0062 ---- 241a AdiDdiAcquire:          iobtst      #0, [#IOP_SMPH_SMPH0]
0063 ---- a6fe                         biob0       AdiDdiAcquire
0064 ---- adb7                         rts
               
0065 ---- 641a AdiDdiRelease:          iobset      #0, [#IOP_SMPH_SMPH0]
0066 ---- adb7                         rts
               
               
               
               
               ; RTC ticks until next execution, one word for each task
               pFwTaskExecuteScheduleTable:
0067 ---- 0000                         dw          #0
               
               ; Task code function pointers for each task code block, one word for each task
               pFwTaskInitializeFuncTable:
0068 ---- 0096                         dw          #irled/initialize
               pFwTaskExecuteFuncTable:
0069 ---- 009a                         dw          #irled/execute
               pFwTaskTerminateFuncTable:
006a ---- 011b                         dw          #irled/terminate
               
               ; Run-time logging log requests and masks, one bit for each struct, one word for each task
               pRtlTaskLogReqTable:
               ; (Run-time logging is not used in this project)
               pRtlTaskLogMaskTable:
               ; (Run-time logging is not used in this project)
               
               
               ; Internal control data
               fwCtrlInt:
006b ---- 0000 /taskId:                dw          #0      ; ID of the currently running task
006c ---- 0000 /bvTaskIoAlert:         dw          #0x0000 ; LSB = Normal data exchange, MSB = Overflow or underflow
006d ---- ffff /alertGenMask:          dw          #0xFFFF ; Can generate an ALERT interrupt now? (0xFFFF = yes, 0x0000 = no)
006e ---- 0000 /alertCanPdAuxMask:     dw          #0x0000 ; Can power down AUX domain after ALERT interrupt generation? (0xFFFF = yes, 0x0000 = no)
006f ---- 0000 /rtlStructLockReq:      dw          #0x0000 ; Run-time logging struct lock request (0=idle -> 1=requested -> 2=ready -> access -> 0=idle)
               
               ; External control data, shared with the driver
               fwCtrlExt:
0070 ---- 0000 /bvActiveTasks:         dw          #0x0000 ; Indicates which tasks are currently active
0071 ---- 0000 /bvTaskIoAlert:         dw          #0x0000 ; LSB = Normal data exchange, MSB = Overflow or underflow
0072 ---- 0000 /bvTaskInitializeReq:   dw          #0x0000 ; Requests tasks to start
0073 ---- 0000 /bvTaskExecuteReq:      dw          #0x0000 ; Requests tasks to execute once immediately
0074 ---- 0000 /bvTaskTerminateReq:    dw          #0x0000 ; Requests tasks to stop
               
               
               .segment end "Framework"
               
               
               fwTaskDataStructures:
               .segment begin "Task: IRLED"
               irled/cfg:
               irled/cfg/bCount:
0075 ---- 0960                         dw          #2400
               irled/cfg/dCount:
0076 ---- 003c                         dw          #60
               irled/cfg/sBreak:
0077 ---- 0001                         dw          #1
               irled/input:
               irled/output:
               irled/output/buzz:
0078 ---- 0000                         dw          #0
               irled/state:
               irled/state/bCount:
0079 ---- 0960                         dw          #2400
               irled/state/buzz:
007a ---- 0000                         dw          #0
               irled/state/dCount:
007b ---- 003c                         dw          #60
               irled/state/exit:
007c ---- 0000                         dw          #0
               irled/state/out:
007d ---- 0001                         dw          #1
007e ---- 0001                         dw          #1
007f ---- 0001                         dw          #1
0080 ---- 0001                         dw          #1
0081 ---- 0001                         dw          #1
0082 ---- 0001                         dw          #1
0083 ---- 0001                         dw          #1
0084 ---- 0001                         dw          #1
0085 ---- 0001                         dw          #1
0086 ---- 0001                         dw          #1
0087 ---- 0001                         dw          #1
0088 ---- 0001                         dw          #1
0089 ---- 0001                         dw          #1
008a ---- 0001                         dw          #1
008b ---- 0001                         dw          #1
008c ---- 0001                         dw          #1
008d ---- 0001                         dw          #1
008e ---- 0001                         dw          #1
008f ---- 0001                         dw          #1
0090 ---- 0001                         dw          #1
0091 ---- 0001                         dw          #1
0092 ---- 0001                         dw          #1
0093 ---- 0001                         dw          #1
               irled/state/td:
0094 ---- 0000                         dw          #0
               irled/state/tpo:
0095 ---- 0000                         dw          #0
               .segment end "Task: IRLED"
               
               
               .segment begin "Task: IRLED"
               irled/initialize:
               ;? gpioClearOutput(AUXIO_XS_VS); //Power off HX711 at the end
0096 ---- 540e                         iobclr      #(4 & 0x7), [#(IOP_AIODIO0_GPIODOUT + (4 >> 3))]
               ;? // Schedule the first execution
               ;? fwScheduleTask(1);
0097 ---- 0001                         ld          R0, #1
0098 ---- 0c67                         st          R0, [#(pFwTaskExecuteScheduleTable + 0)]
               irled/initializeDone:
0099 ---- adb7                         rts         
               
               
               
               
               irled/execute:
               ;? if(state.exit == 0) {
009a ---- 087c                         ld          R0, [#irled/state/exit]
009b ---- 8a00                         cmp         R0, #0
009c ---- be78                         bneq        /id0092
               ;?     gpioSetOutput(AUXIO_XS_VS); //DIO_8 high, Power on TSOP38140 at start
009d ---- 740e                             iobset      #(4 & 0x7), [#(IOP_AIODIO0_GPIODOUT + (4 >> 3))]
               ;?     fwDelayUs(150, FW_DELAY_RANGE_1_MS); // TSOP38140 power on output stable delay 1ms, 4 covert cycles.
009e ---- 701d                             ld          R7, #(((150 * 24 ) + ((1 << 7) - 1)) >> 7)
009f ---- 6007                             ld          R6, #7
00a0 ---- 151c                             jsr         FwDelay
               ;?     state.buzz = output.buzz;
00a1 ---- 0878                             ld          R0, [#irled/output/buzz]
00a2 ---- 0c7a                             st          R0, [#irled/state/buzz]
               ;?     output.buzz = 0;
00a3 ---- 0000                             ld          R0, #0
00a4 ---- 0c78                             st          R0, [#irled/output/buzz]
               ;?     state.td = 0;
00a5 ---- 0000                             ld          R0, #0
00a6 ---- 0c94                             st          R0, [#irled/state/td]
               ;?     state.tpo = 0;
00a7 ---- 0000                             ld          R0, #0
00a8 ---- 0c95                             st          R0, [#irled/state/tpo]
               ;?     
               ;?     //for(U16 n=0;n<BUFFER_SIZE;n++){
               ;?     for(U16 n=0;n<10;n++){
00a9 ---- 0000                             ld          R0, #0
               /id0134:
               ;?         if(n<TPI_N) {
00aa ---- 8a06                                 cmp         R0, #6
00ab ---- a60c                                 bgeu        /id0100
               ;?             gpioGenPulseTrain(AUXIO_O_LED,1,ACTIVE_DURATION,INACTIVE_DURATION,1);
00ac ---- 5001                                     ld          R5, #1
               /id0103:
00ad ---- 660f                                     iobset      #(10 & 0x7), [#(IOP_AIODIO0_GPIODOUT + (10 >> 3))]
00ae ---- 1006                                     ld          R1, #(9 - 3)
00af ---- 8500                                     loop        R1, /id0104
00b0 ---- fd47                                     nop         
               /id0104:
00b1 ---- 460f                                     iobclr      #(10 & 0x7), [#(IOP_AIODIO0_GPIODOUT + (10 >> 3))]
00b2 ---- 111e                                     ld          R1, #(291 - 5)
00b3 ---- 8500                                     loop        R1, /id0105
00b4 ---- fd47                                     nop         
               /id0105:
00b5 ---- d8ff                                     add         R5, #-1
00b6 ---- bef6                                     bnz         /id0103
               ;?         } else {
00b7 ---- 04be                                 jmp         /id0102
               /id0100:
               ;?             timer0Start(TIMER0_MODE_SINGLE, 300, 0); // half of 40khz period
00b8 ---- 112c                                     ld          R1, #300
00b9 ---- 9b0c                                     out         R1, [#IOP_TIMER_T0TARGET]
00ba ---- 1000                                     ld          R1, #((0 << IOB_TIMER_TXCFG_PRE) | (0 * BV_TIMER_TXCFG_RELOAD))
00bb ---- 9b09                                     out         R1, [#IOP_TIMER_T0CFG]
00bc ---- 640b                                     iobset      #0, [#IOP_TIMER_T0CTL]
               ;?             timer0Wait();
00bd ---- cdb1                                     wev1        #WEVSEL_TIMER0
               ;?         }
               /id0102:
               ;?         gpioGetInputValue(AUXIO_I_OUT; state.out[n]);
00be ---- 5003                                 ld          R5, #3
00bf ---- 1522                                 jsr         gpioGetInputValue
00c0 ---- 107d                                 ld          R1, #(irled/state/out + 0)
00c1 ---- ff39                                 st          R7, [R1+R0]
               ;?         if(state.out[n] == 0) {
00c2 ---- 107d                                 ld          R1, #(irled/state/out + 0)
00c3 ---- 9f19                                 ld          R1, [R1+R0]
00c4 ---- 9a00                                 cmp         R1, #0
00c5 ---- be0b                                 bneq        /id0115
               ;?             if(state.td == 0) {
00c6 ---- 1894                                     ld          R1, [#irled/state/td]
00c7 ---- 9a00                                     cmp         R1, #0
00c8 ---- be07                                     bneq        /id0119
               ;?                 state.td = n;
00c9 ---- 0c94                                         st          R0, [#irled/state/td]
               ;?                 output.buzz = 1;
00ca ---- 1001                                         ld          R1, #1
00cb ---- 1c78                                         st          R1, [#irled/output/buzz]
               ;?                 if(cfg.sBreak == 1) {
00cc ---- 1877                                         ld          R1, [#irled/cfg/sBreak]
00cd ---- 9a01                                         cmp         R1, #1
00ce ---- be01                                         bneq        /id0123
               ;?                     n = BUFFER_SIZE;
00cf ---- 0017                                             ld          R0, #23
               ;?                 }
               /id0123:
               ;?             }
               /id0119:
               ;?         } else {
00d0 ---- 04da                                 jmp         /id0118
               /id0115:
               ;?             n -= 1;
00d1 ---- 88ff                                     add         R0, #-1
               ;?             if(state.out[n] == 0) {
00d2 ---- 107d                                     ld          R1, #(irled/state/out + 0)
00d3 ---- 9f19                                     ld          R1, [R1+R0]
00d4 ---- 9a00                                     cmp         R1, #0
00d5 ---- be03                                     bneq        /id0127
               ;?                 state.tpo = n + 1;
00d6 ---- 9d40                                         ld          R1, R0
00d7 ---- 9801                                         add         R1, #1
00d8 ---- 1c95                                         st          R1, [#irled/state/tpo]
               ;?             }
               /id0127:
               ;?             n += 1;
00d9 ---- 8801                                     add         R0, #1
               ;?         }
               /id0118:
               ;?         //}
               ;?         timer0Start(TIMER0_MODE_SINGLE, 300, 0); // half of 40khz period
00da ---- 112c                                 ld          R1, #300
00db ---- 9b0c                                 out         R1, [#IOP_TIMER_T0TARGET]
00dc ---- 1000                                 ld          R1, #((0 << IOB_TIMER_TXCFG_PRE) | (0 * BV_TIMER_TXCFG_RELOAD))
00dd ---- 9b09                                 out         R1, [#IOP_TIMER_T0CFG]
00de ---- 640b                                 iobset      #0, [#IOP_TIMER_T0CTL]
               ;?         timer0Wait();
00df ---- cdb1                                 wev1        #WEVSEL_TIMER0
               ;?     }
00e0 ---- 8801                             add         R0, #1
00e1 ---- 8a0a                             cmp         R0, #10
00e2 ---- aec7                             bltu        /id0134
               ;?     
               ;?     gpioClearOutput(AUXIO_XS_VS); //Power off HX711 at the end
00e3 ---- 540e                             iobclr      #(4 & 0x7), [#(IOP_AIODIO0_GPIODOUT + (4 >> 3))]
               ;?     
               ;?     if(output.buzz == 1) {
00e4 ---- 0878                             ld          R0, [#irled/output/buzz]
00e5 ---- 8a01                             cmp         R0, #1
00e6 ---- be0e                             bneq        /id0135
               ;?         if(state.buzz == 0) {
00e7 ---- 087a                                 ld          R0, [#irled/state/buzz]
00e8 ---- 8a00                                 cmp         R0, #0
00e9 ---- be07                                 bneq        /id0138
               ;?             cfg.dCount = 5;
00ea ---- 0005                                     ld          R0, #5
00eb ---- 0c76                                     st          R0, [#irled/cfg/dCount]
               ;?             state.dCount = 5;
00ec ---- 0005                                     ld          R0, #5
00ed ---- 0c7b                                     st          R0, [#irled/state/dCount]
               ;?             state.exit = 1;
00ee ---- 0001                                     ld          R0, #1
00ef ---- 0c7c                                     st          R0, [#irled/state/exit]
               ;?         } else {
00f0 ---- 04f4                                 jmp         /id0140
               /id0138:
               ;?             state.dCount -= 1;
00f1 ---- 087b                                     ld          R0, [#irled/state/dCount]
00f2 ---- 88ff                                     add         R0, #-1
00f3 ---- 0c7b                                     st          R0, [#irled/state/dCount]
               ;?         }
               /id0140:
               ;?     } else {
00f4 ---- 0502                             jmp         /id0137
               /id0135:
               ;?         if(state.buzz == 1) {
00f5 ---- 087a                                 ld          R0, [#irled/state/buzz]
00f6 ---- 8a01                                 cmp         R0, #1
00f7 ---- be07                                 bneq        /id0146
               ;?             cfg.dCount = 60;
00f8 ---- 003c                                     ld          R0, #60
00f9 ---- 0c76                                     st          R0, [#irled/cfg/dCount]
               ;?             state.dCount = 60;
00fa ---- 003c                                     ld          R0, #60
00fb ---- 0c7b                                     st          R0, [#irled/state/dCount]
               ;?             state.exit = 1;
00fc ---- 0001                                     ld          R0, #1
00fd ---- 0c7c                                     st          R0, [#irled/state/exit]
               ;?         } else {
00fe ---- 0502                                 jmp         /id0148
               /id0146:
               ;?             state.dCount -= 1;
00ff ---- 087b                                     ld          R0, [#irled/state/dCount]
0100 ---- 88ff                                     add         R0, #-1
0101 ---- 0c7b                                     st          R0, [#irled/state/dCount]
               ;?         }
               /id0148:
               ;?     }
               /id0137:
               ;?     //        if (state.dCount == cfg.dCount) { // ADC samples block ready ...
               ;?     if(state.dCount == 0) {
0102 ---- 087b                             ld          R0, [#irled/state/dCount]
0103 ---- 8a00                             cmp         R0, #0
0104 ---- be02                             bneq        /id0154
               ;?         state.exit = 1;
0105 ---- 0001                                 ld          R0, #1
0106 ---- 0c7c                                 st          R0, [#irled/state/exit]
               ;?     }
               /id0154:
               ;?     if(state.bCount == cfg.bCount) {
0107 ---- 0879                             ld          R0, [#irled/state/bCount]
0108 ---- 1875                             ld          R1, [#irled/cfg/bCount]
0109 ---- 8d29                             cmp         R0, R1
010a ---- be02                             bneq        /id0157
               ;?         state.exit = 1;
010b ---- 0001                                 ld          R0, #1
010c ---- 0c7c                                 st          R0, [#irled/state/exit]
               ;?     }    
               /id0157:
               ;?     if(state.exit == 1) {
010d ---- 087c                             ld          R0, [#irled/state/exit]
010e ---- 8a01                             cmp         R0, #1
010f ---- be05                             bneq        /id0161
               ;?         //state.exit = 0;
               ;?         fwGenAlertInterrupt(); // Generate ALERT interrupt
0110 ---- 086c                                 ld          R0, [#fwCtrlInt/bvTaskIoAlert]
0111 ---- 8201                                 or          R0, #(1 << 0)
0112 ---- 0c6c                                 st          R0, [#fwCtrlInt/bvTaskIoAlert]
               ;?         state.dCount = cfg.dCount;
0113 ---- 0876                                 ld          R0, [#irled/cfg/dCount]
0114 ---- 0c7b                                 st          R0, [#irled/state/dCount]
               ;?     }
               /id0161:
               ;? } //if skip == 0
               /id0092:
               ;? state.bCount += 1;
0115 ---- 0879                         ld          R0, [#irled/state/bCount]
0116 ---- 8801                         add         R0, #1
0117 ---- 0c79                         st          R0, [#irled/state/bCount]
               ;? fwScheduleTask(1); // Schedule the next execution of the task
0118 ---- 0001                         ld          R0, #1
0119 ---- 0c67                         st          R0, [#(pFwTaskExecuteScheduleTable + 0)]
               irled/executeDone:
011a ---- adb7                         rts         
               
               
               
               
               irled/terminate:
               irled/terminateDone:
011b ---- adb7                         rts         
               .segment end "Task: IRLED"
               
               
               .segment begin "Procedure Libary"
               ; 3 + 5 CPU cycles = 16 clock cycles = 0.66 microsecond are added to the specified delay (parameter
               ; loading and timer configuration)
               ;
               ; PARAMETERS:
               ;     R7 = Delay
               ;     R6 = Prescaler exponent
               ;
               ; CLOBBERS:
               ;     R6
               FwDelay:
                                       ; Set the delay
011c ---- fb0c                         out         R7, [#IOP_TIMER_T0TARGET]
               
                                       ; Configure the timer (from clock, single-mode, prescaler exponent = R6)
011d ---- eda4                         lsl         R6, #4
011e ---- eb09                         out         R6, [#IOP_TIMER_T0CFG]
               
                                       ; Start the timer, wait for it to trigger, and stop it
011f ---- 640b                         iobset      #0, [#IOP_TIMER_T0CTL]
0120 ---- cdb1                         wev1        #WEVSEL_TIMER0
0121 ---- adb7                         rts
               
               
               
               
               ; PARAMETERS:
               ;     R5 = AUX I/O index
               ;
               ; CLOBBERS:
               ;     R6, R7
               gpioGetInputValue:
                                       ; Get GPIOs 15:8
0122 ---- e913                         in          R6, [#IOP_AIODIO1_GPIODIN]
0123 ---- eda0                         lsl         R6, #8
               
                                       ; Get GPIOs 7:0 and combine
0124 ---- f912                         in          R7, [#IOP_AIODIO0_GPIODIN]
0125 ---- fd0e                         or          R7, R6
               
                                       ; Move the desired GPIO pin value into bit 0 and mask
0126 ---- fd8d                         lsr         R7, R5
0127 ---- f001                         and         R7, #0x0001
0128 ---- adb7                         rts
               .segment end "Procedure Libary"
               

; Generated by T9300S08 at 2017-12-09 18:40:21.079
